============================================================
   Tang Dynasty, V6.2.168116
   Copyright (c) 2012-2025 Anlogic Inc.
   Executable = D:/Anlogic/TD_6.2.1_Engineer_6.2.168.116/bin/td.exe
   Built at =   16:32:07 Jun 12 2025
   Run by =     1
   Run Date =   Sat Sep 27 13:05:54 2025

   Run on =     LAPTOP-EUGMKLPQ
============================================================
RUN-1002 : start command "import_db D:/University/AL_Proj/anlu/anlu/prj/UDP_EXAMPLE/UDP_EXAMPLE_Runs/phy_1/UDP_EXAMPLE_pr.db"
RUN-1001 : Importing database generated by Tang Dynasty, V6.2.168116.
RUN-1001 : Database version number 46207
RUN-1001 : Import flow parameters
RUN-1001 : Import netlist
PHY-1001 : Generate detailed routing grids ...
PHY-1001 : End build routing graph; 2.222943s wall, 1.281250s user + 0.031250s system = 1.312500s CPU (59.0%)

PHY-1001 : Build lut bridge;  0.044628s wall, 0.015625s user + 0.000000s system = 0.015625s CPU (35.0%)

PHY-1001 : Generate nets ...
PHY-1001 : net clk_50_dup_1 will be routed on clock mesh
PHY-1001 : clock net app_fdma_inst/fdma_clk will be merged with clock u_clk/clk0_buf
PHY-1001 : net u2_ram/SDRAM_CLK will be routed on clock mesh
PHY-1001 : clock net u_uicfg5640/uii2c_inst/scl_clk_syn_4 will be merged with clock u_uicfg5640/uii2c_inst/scl_clk
PHY-1001 : clock net u_udp_top/temac_clk will be merged with clock u_udp_top/u_clk_gen/u_pll_0/clk0_buf
PHY-1001 : net u_udp_top/udp_clk will be routed on clock mesh
PHY-1001 : net uihdmitx_inst/Inst_DVITransmitter/PCLK_X5_I will be routed on clock mesh
PHY-1001 : clock net u_uitpg_1/I_tpg_clk will be merged with clock u_PLL_HDMI_CLK/clk0_buf
PHY-1001 : net u_udp_top/u4_trimac_block/u1_rgmii_interface/rgmii_txc_ddr/clk will be routed on clock mesh
PHY-1001 : clock net u_udp_top/u4_trimac_block/rx_clk will be merged with clock phy1_rgmii_rx_clk_dup_1
PHY-1001 : eco open net = 0
PHY-1001 : 153 feed throughs used by 135 nets
RUN-1001 : Import phy database
RUN-1001 : Import timing constraints
RUN-1001 : Import IO constraints
RUN-1001 : Import Inst constraints
RUN-1001 : Import ChipWatcher
RUN-1001 : Import design success TD_VERSION=6.2.168116 , DB_VERSION=46207
RUN-1003 : finish command "import_db D:/University/AL_Proj/anlu/anlu/prj/UDP_EXAMPLE/UDP_EXAMPLE_Runs/phy_1/UDP_EXAMPLE_pr.db" in  4.633087s wall, 2.234375s user + 0.093750s system = 2.328125s CPU (50.2%)

RUN-1004 : used memory is 669 MB, reserved memory is 643 MB, peak memory is 733 MB
PRJ-1412 : reset_run syn_1 phy_1.
PRJ-1409 : launch_runs syn_1 phy_1  -jobs 6.
PRJ-1410 : Run syn_1 success.
RUN-1002 : start command "save_best_bits"
PRJ-1424 : The implemented result of phy_1 is saved as best result.
PRJ-1410 : Run phy_1 success.
RUN-1002 : start command "import_db D:/University/AL_Proj/anlu/anlu/prj/UDP_EXAMPLE/UDP_EXAMPLE_Runs/phy_1/UDP_EXAMPLE_pr.db"
RUN-1001 : Importing database generated by Tang Dynasty, V6.2.168116.
RUN-1001 : Database version number 46207
RUN-1001 : Import flow parameters
RUN-1001 : Import netlist
PHY-1001 : Generate detailed routing grids ...
PHY-1001 : End build routing graph; 0.846488s wall, 0.500000s user + 0.109375s system = 0.609375s CPU (72.0%)

PHY-1001 : Build lut bridge;  0.081995s wall, 0.031250s user + 0.015625s system = 0.046875s CPU (57.2%)

PHY-1001 : Generate nets ...
PHY-1001 : net clk_50_dup_1 will be routed on clock mesh
PHY-1001 : clock net app_fdma_inst/fdma_clk will be merged with clock u_clk/clk0_buf
PHY-1001 : net u2_ram/SDRAM_CLK will be routed on clock mesh
PHY-1001 : clock net u_uicfg5640/uii2c_inst/scl_clk_syn_4 will be merged with clock u_uicfg5640/uii2c_inst/scl_clk
PHY-1001 : clock net u_udp_top/temac_clk will be merged with clock u_udp_top/u_clk_gen/u_pll_0/clk0_buf
PHY-1001 : net u_udp_top/udp_clk will be routed on clock mesh
PHY-1001 : net uihdmitx_inst/Inst_DVITransmitter/PCLK_X5_I will be routed on clock mesh
PHY-1001 : clock net u_uitpg_1/I_tpg_clk will be merged with clock u_PLL_HDMI_CLK/clk0_buf
PHY-1001 : net u_udp_top/u4_trimac_block/u1_rgmii_interface/rgmii_txc_ddr/clk will be routed on clock mesh
PHY-1001 : clock net u_udp_top/u4_trimac_block/rx_clk will be merged with clock phy1_rgmii_rx_clk_dup_1
PHY-1001 : eco open net = 0
PHY-1001 : 153 feed throughs used by 135 nets
RUN-1001 : Import phy database
RUN-1001 : Import timing constraints
RUN-1001 : Import IO constraints
RUN-1001 : Import Inst constraints
RUN-1001 : Import ChipWatcher
RUN-1001 : Import design success TD_VERSION=6.2.168116 , DB_VERSION=46207
RUN-1003 : finish command "import_db D:/University/AL_Proj/anlu/anlu/prj/UDP_EXAMPLE/UDP_EXAMPLE_Runs/phy_1/UDP_EXAMPLE_pr.db" in  5.094892s wall, 2.796875s user + 0.296875s system = 3.093750s CPU (60.7%)

RUN-1004 : used memory is 525 MB, reserved memory is 654 MB, peak memory is 733 MB
