============================================================
   Tang Dynasty, V6.2.168116
   Copyright (c) 2012-2025 Anlogic Inc.
   Executable = D:/Anlogic/TD_6.2.1_Engineer_6.2.168.116/bin/td.exe
   Built at =   16:32:07 Jun 12 2025
   Run by =     1
   Run Date =   Thu Sep 25 12:56:00 2025

   Run on =     LAPTOP-EUGMKLPQ
============================================================
RUN-1002 : start command "import_db D:/University/AL_Proj/anlu/anlu/prj/UDP_EXAMPLE/UDP_EXAMPLE_Runs/phy_1/UDP_EXAMPLE_pr.db"
RUN-1001 : Importing database generated by Tang Dynasty, V6.2.168116.
RUN-1001 : Database version number 46207
RUN-1001 : Import flow parameters
RUN-1001 : Import netlist
PHY-1001 : Generate detailed routing grids ...
PHY-1001 : End build routing graph; 2.277304s wall, 0.687500s user + 0.062500s system = 0.750000s CPU (32.9%)

PHY-1001 : Build lut bridge;  0.045743s wall, 0.015625s user + 0.000000s system = 0.015625s CPU (34.2%)

PHY-1001 : Generate nets ...
PHY-1001 : net clk_50_dup_1 will be routed on clock mesh
PHY-1001 : clock net app_fdma_inst/fdma_clk will be merged with clock u_clk/clk0_buf
PHY-1001 : net u2_ram/SDRAM_CLK will be routed on clock mesh
PHY-1001 : clock net cwc_jtck_syn_2 will be merged with clock cwc_jtck
PHY-1001 : clock net u_uicfg5640/uii2c_inst/scl_clk_syn_4 will be merged with clock u_uicfg5640/uii2c_inst/scl_clk
PHY-1001 : clock net cmos_pclk_syn_5 will be merged with clock cmos_pclk_dup_2
PHY-1001 : clock net u_four_channel_video_splicer/vid_clk4 will be merged with clock u_PLL_HDMI_CLK/clk0_buf
PHY-1001 : clock net u_udp_top/temac_clk will be merged with clock u_udp_top/u_clk_gen/u_pll_0/clk0_buf
PHY-1001 : net u_udp_top/udp_clk will be routed on clock mesh
PHY-1001 : net uihdmitx_inst/Inst_DVITransmitter/PCLK_X5_I will be routed on clock mesh
PHY-1001 : clock net u_udp_top/u4_trimac_block/rx_clk will be merged with clock phy1_rgmii_rx_clk_dup_1
PHY-1001 : net u_udp_top/u4_trimac_block/u1_rgmii_interface/rgmii_txc_ddr/clk will be routed on clock mesh
PHY-1001 : eco open net = 0
PHY-1001 : 269 feed throughs used by 221 nets
RUN-1001 : Import phy database
RUN-1001 : Import timing constraints
RUN-1001 : Import IO constraints
RUN-1001 : Import Inst constraints
RUN-1001 : Import ChipWatcher
RUN-1001 : Import design success TD_VERSION=6.2.168116 , DB_VERSION=46207
RUN-1003 : finish command "import_db D:/University/AL_Proj/anlu/anlu/prj/UDP_EXAMPLE/UDP_EXAMPLE_Runs/phy_1/UDP_EXAMPLE_pr.db" in  5.464832s wall, 2.109375s user + 0.078125s system = 2.187500s CPU (40.0%)

RUN-1004 : used memory is 726 MB, reserved memory is 697 MB, peak memory is 795 MB
PRJ-1412 : reset_run syn_1 phy_1.
PRJ-1409 : launch_runs syn_1 phy_1  -jobs 6.
PRJ-1410 : Run syn_1 success.
PRJ-1410 : Run phy_1 success.
RUN-1002 : start command "save_best_bits"
PRJ-1424 : The implemented result of phy_1 is saved as best result.
RUN-1002 : start command "import_db D:/University/AL_Proj/anlu/anlu/prj/UDP_EXAMPLE/UDP_EXAMPLE_Runs/phy_1/UDP_EXAMPLE_pr.db"
RUN-1001 : Importing database generated by Tang Dynasty, V6.2.168116.
RUN-1001 : Database version number 46207
RUN-1001 : Import flow parameters
RUN-1001 : Import netlist
PHY-1001 : Generate detailed routing grids ...
PHY-1001 : End build routing graph; 0.566345s wall, 0.281250s user + 0.015625s system = 0.296875s CPU (52.4%)

PHY-1001 : Build lut bridge;  0.046901s wall, 0.046875s user + 0.000000s system = 0.046875s CPU (99.9%)

PHY-1001 : Generate nets ...
PHY-1001 : net clk_50_dup_1 will be routed on clock mesh
PHY-1001 : clock net app_fdma_inst/fdma_clk will be merged with clock u_clk/clk0_buf
PHY-1001 : net u2_ram/SDRAM_CLK will be routed on clock mesh
PHY-1001 : clock net cwc_jtck_syn_2 will be merged with clock cwc_jtck
PHY-1001 : clock net u_uicfg5640/uii2c_inst/scl_clk_syn_4 will be merged with clock u_uicfg5640/uii2c_inst/scl_clk
PHY-1001 : clock net cmos_pclk_syn_5 will be merged with clock cmos_pclk_dup_2
PHY-1001 : clock net u_four_channel_video_splicer/vid_clk4 will be merged with clock u_PLL_HDMI_CLK/clk0_buf
PHY-1001 : clock net u_udp_top/temac_clk will be merged with clock u_udp_top/u_clk_gen/u_pll_0/clk0_buf
PHY-1001 : net u_udp_top/udp_clk will be routed on clock mesh
PHY-1001 : net uihdmitx_inst/Inst_DVITransmitter/PCLK_X5_I will be routed on clock mesh
PHY-1001 : clock net u_udp_top/u4_trimac_block/rx_clk will be merged with clock phy1_rgmii_rx_clk_dup_1
PHY-1001 : net u_udp_top/u4_trimac_block/u1_rgmii_interface/rgmii_txc_ddr/clk will be routed on clock mesh
PHY-1001 : eco open net = 0
PHY-1001 : 269 feed throughs used by 221 nets
RUN-1001 : Import phy database
RUN-1001 : Import timing constraints
RUN-1001 : Import IO constraints
RUN-1001 : Import Inst constraints
RUN-1001 : Import ChipWatcher
RUN-1001 : Import design success TD_VERSION=6.2.168116 , DB_VERSION=46207
RUN-1003 : finish command "import_db D:/University/AL_Proj/anlu/anlu/prj/UDP_EXAMPLE/UDP_EXAMPLE_Runs/phy_1/UDP_EXAMPLE_pr.db" in  4.422719s wall, 2.062500s user + 0.296875s system = 2.359375s CPU (53.3%)

RUN-1004 : used memory is 594 MB, reserved memory is 710 MB, peak memory is 795 MB
PRJ-1412 : reset_run syn_1 phy_1.
PRJ-1409 : launch_runs syn_1 phy_1  -jobs 6.
PRJ-1410 : Run syn_1 success.
PRJ-1410 : Run phy_1 success.
RUN-1002 : start command "save_best_bits"
PRJ-1424 : The implemented result of phy_1 is saved as best result.
RUN-1002 : start command "import_db D:/University/AL_Proj/anlu/anlu/prj/UDP_EXAMPLE/UDP_EXAMPLE_Runs/phy_1/UDP_EXAMPLE_pr.db"
RUN-1001 : Importing database generated by Tang Dynasty, V6.2.168116.
RUN-1001 : Database version number 46207
RUN-1001 : Import flow parameters
RUN-1001 : Import netlist
PHY-1001 : Generate detailed routing grids ...
PHY-1001 : End build routing graph; 0.565404s wall, 0.203125s user + 0.015625s system = 0.218750s CPU (38.7%)

PHY-1001 : Build lut bridge;  0.051179s wall, 0.000000s user + 0.000000s system = 0.000000s CPU (n/a%)

PHY-1001 : Generate nets ...
PHY-1001 : net clk_50_dup_1 will be routed on clock mesh
PHY-1001 : clock net app_fdma_inst/fdma_clk will be merged with clock u_clk/clk0_buf
PHY-1001 : net u2_ram/SDRAM_CLK will be routed on clock mesh
PHY-1001 : clock net cwc_jtck_syn_2 will be merged with clock cwc_jtck
PHY-1001 : clock net u_uicfg5640/uii2c_inst/scl_clk_syn_4 will be merged with clock u_uicfg5640/uii2c_inst/scl_clk
PHY-1001 : clock net cmos_pclk_syn_5 will be merged with clock cmos_pclk_dup_2
PHY-1001 : clock net u_four_channel_video_splicer/vid_clk4 will be merged with clock u_PLL_HDMI_CLK/clk0_buf
PHY-1001 : clock net u_udp_top/temac_clk will be merged with clock u_udp_top/u_clk_gen/u_pll_0/clk0_buf
PHY-1001 : net u_udp_top/udp_clk will be routed on clock mesh
PHY-1001 : net uihdmitx_inst/Inst_DVITransmitter/PCLK_X5_I will be routed on clock mesh
PHY-1001 : clock net u_udp_top/u4_trimac_block/rx_clk will be merged with clock phy1_rgmii_rx_clk_dup_1
PHY-1001 : net u_udp_top/u4_trimac_block/u1_rgmii_interface/rgmii_txc_ddr/clk will be routed on clock mesh
PHY-1001 : eco open net = 0
PHY-1001 : 307 feed throughs used by 252 nets
RUN-1001 : Import phy database
RUN-1001 : Import timing constraints
RUN-1001 : Import IO constraints
RUN-1001 : Import Inst constraints
RUN-1001 : Import ChipWatcher
RUN-1001 : Import design success TD_VERSION=6.2.168116 , DB_VERSION=46207
RUN-1003 : finish command "import_db D:/University/AL_Proj/anlu/anlu/prj/UDP_EXAMPLE/UDP_EXAMPLE_Runs/phy_1/UDP_EXAMPLE_pr.db" in  4.406511s wall, 1.656250s user + 0.187500s system = 1.843750s CPU (41.8%)

RUN-1004 : used memory is 594 MB, reserved memory is 717 MB, peak memory is 795 MB
