============================================================
   Tang Dynasty, V6.2.168116
   Copyright (c) 2012-2025 Anlogic Inc.
   Executable = D:/Anlogic/TD_6.2.1_Engineer_6.2.168.116/bin/td.exe
   Built at =   16:32:07 Jun 12 2025
   Run by =     1
   Run Date =   Tue Sep  9 15:20:05 2025

   Run on =     LAPTOP-EUGMKLPQ
============================================================
RUN-1002 : start command "import_db F:/AL_FPGA/lab_ex_2025_7_12_nosoft/HXEG420C_lab_ex_TD6.2.1/HXEG420_lab_ex/lab_ex_1_ethernet_led/UDP_EG4_6.2/prj/UDP_EXAMPLE/UDP_EXAMPLE_Runs/phy_1/UDP_EXAMPLE_pr.db"
RUN-1001 : Importing database generated by Tang Dynasty, V6.2.168116.
RUN-1001 : Database version number 46207
RUN-1001 : Import flow parameters
RUN-1001 : Import netlist
PHY-1001 : Generate detailed routing grids ...
PHY-1001 : End build routing graph; 2.330815s wall, 0.781250s user + 0.031250s system = 0.812500s CPU (34.9%)

PHY-1001 : Build lut bridge;  0.045620s wall, 0.031250s user + 0.000000s system = 0.031250s CPU (68.5%)

PHY-1001 : Generate nets ...
PHY-1001 : net clk_50_dup_1 will be routed on clock mesh
PHY-1001 : clock net temac_clk will be merged with clock u_clk_gen/u_pll_0/clk0_buf
PHY-1001 : net udp_clk will be routed on clock mesh
PHY-1001 : clock net cwc_jtck_syn_2 will be merged with clock cwc_jtck
PHY-1001 : clock net u4_trimac_block/rx_clk will be merged with clock phy1_rgmii_rx_clk_dup_1
PHY-1001 : net u4_trimac_block/u1_rgmii_interface/rgmii_txc_ddr/clk will be routed on clock mesh
PHY-1001 : eco open net = 0
PHY-1001 : 199 feed throughs used by 169 nets
RUN-1001 : Import phy database
RUN-1001 : Import timing constraints
RUN-1001 : Import IO constraints
RUN-1001 : Import Inst constraints
RUN-1001 : Import ChipWatcher
RUN-1001 : Import design success TD_VERSION=6.2.168116 , DB_VERSION=46207
RUN-1003 : finish command "import_db F:/AL_FPGA/lab_ex_2025_7_12_nosoft/HXEG420C_lab_ex_TD6.2.1/HXEG420_lab_ex/lab_ex_1_ethernet_led/UDP_EG4_6.2/prj/UDP_EXAMPLE/UDP_EXAMPLE_Runs/phy_1/UDP_EXAMPLE_pr.db" in  4.509817s wall, 1.578125s user + 0.078125s system = 1.656250s CPU (36.7%)

RUN-1004 : used memory is 657 MB, reserved memory is 630 MB, peak memory is 721 MB
PRJ-1412 : reset_run syn_1 phy_1.
PRJ-1409 : launch_runs syn_1 phy_1  -jobs 6.
PRJ-1410 : Run syn_1 success.
RUN-1002 : start command "save_best_bits"
PRJ-1424 : The implemented result of phy_1 is saved as best result.
PRJ-1410 : Run phy_1 success.
RUN-1002 : start command "import_db F:/AL_FPGA/lab_ex_2025_7_12_nosoft/HXEG420C_lab_ex_TD6.2.1/HXEG420_lab_ex/lab_ex_1_ethernet_led/UDP_EG4_6.2/prj/UDP_EXAMPLE/UDP_EXAMPLE_Runs/phy_1/UDP_EXAMPLE_pr.db"
RUN-1001 : Importing database generated by Tang Dynasty, V6.2.168116.
RUN-1001 : Database version number 46207
RUN-1001 : Import flow parameters
RUN-1001 : Import netlist
PHY-1001 : Generate detailed routing grids ...
PHY-1001 : End build routing graph; 0.539507s wall, 0.203125s user + 0.000000s system = 0.203125s CPU (37.7%)

PHY-1001 : Build lut bridge;  0.048676s wall, 0.046875s user + 0.000000s system = 0.046875s CPU (96.3%)

PHY-1001 : Generate nets ...
PHY-1001 : net clk_50_dup_1 will be routed on clock mesh
PHY-1001 : clock net temac_clk will be merged with clock u_clk_gen/u_pll_0/clk0_buf
PHY-1001 : net udp_clk will be routed on clock mesh
PHY-1001 : clock net cwc_jtck_syn_2 will be merged with clock cwc_jtck
PHY-1001 : clock net u4_trimac_block/rx_clk will be merged with clock phy1_rgmii_rx_clk_dup_1
PHY-1001 : net u4_trimac_block/u1_rgmii_interface/rgmii_txc_ddr/clk will be routed on clock mesh
PHY-1001 : eco open net = 0
PHY-1001 : 199 feed throughs used by 169 nets
RUN-1001 : Import phy database
RUN-1001 : Import timing constraints
RUN-1001 : Import IO constraints
RUN-1001 : Import Inst constraints
RUN-1001 : Import ChipWatcher
RUN-1001 : Import design success TD_VERSION=6.2.168116 , DB_VERSION=46207
RUN-1003 : finish command "import_db F:/AL_FPGA/lab_ex_2025_7_12_nosoft/HXEG420C_lab_ex_TD6.2.1/HXEG420_lab_ex/lab_ex_1_ethernet_led/UDP_EG4_6.2/prj/UDP_EXAMPLE/UDP_EXAMPLE_Runs/phy_1/UDP_EXAMPLE_pr.db" in  3.000180s wall, 0.953125s user + 0.062500s system = 1.015625s CPU (33.9%)

RUN-1004 : used memory is 686 MB, reserved memory is 654 MB, peak memory is 749 MB
RUN-1021 : The net(cwc_slave_0_rst_dup_4) get connected pins failed, bacause the net is none-driven or multi-driven. Please check the taget netlist.
RUN-1021 : The net(cwc_slave_0_rst_dup_5) get connected pins failed, bacause the net is none-driven or multi-driven. Please check the taget netlist.
RUN-1021 : The net(cwc_slave_0_rst_dup_6) get connected pins failed, bacause the net is none-driven or multi-driven. Please check the taget netlist.
RUN-1021 : The net(cwc_slave_1_rst) get connected pins failed, bacause the net is none-driven or multi-driven. Please check the taget netlist.
RUN-1021 : The net(cwc_slave_1_rst_dup_3) get connected pins failed, bacause the net is none-driven or multi-driven. Please check the taget netlist.
RUN-1021 : The net(cwc_slave_1_rst_dup_6) get connected pins failed, bacause the net is none-driven or multi-driven. Please check the taget netlist.
RUN-1021 : The net(cwc_slave_1_rst_dup_11) get connected pins failed, bacause the net is none-driven or multi-driven. Please check the taget netlist.
RUN-1021 : The net(cwc_slave_1_rst_dup_12) get connected pins failed, bacause the net is none-driven or multi-driven. Please check the taget netlist.
RUN-1021 : The net(debug_1_d[0]) get connected pins failed, bacause the net is none-driven or multi-driven. Please check the taget netlist.
RUN-1021 : The net(debug_out_dup_1) get connected pins failed, bacause the net is none-driven or multi-driven. Please check the taget netlist.
RUN-1021 : The net(debug_out_syn_3) get connected pins failed, bacause the net is none-driven or multi-driven. Please check the taget netlist.
