============================================================
   Tang Dynasty, V6.2.168116
   Copyright (c) 2012-2025 Anlogic Inc.
   Executable = D:/Anlogic/TD_6.2.1_Engineer_6.2.168.116/bin/td.exe
   Built at =   16:32:07 Jun 12 2025
   Run by =     1
   Run Date =   Sun Sep 14 17:35:32 2025

   Run on =     LAPTOP-EUGMKLPQ
============================================================
RUN-1002 : start command "import_db D:/University/AL_Proj/UDP_EG4_6.2/prj/UDP_EXAMPLE/UDP_EXAMPLE_Runs/phy_1/UDP_EXAMPLE_pr.db"
RUN-1001 : Importing database generated by Tang Dynasty, V6.2.168116.
RUN-1001 : Database version number 46207
RUN-1001 : Import flow parameters
RUN-1001 : Import netlist
PHY-1001 : Generate detailed routing grids ...
PHY-1001 : End build routing graph; 2.303743s wall, 0.687500s user + 0.015625s system = 0.703125s CPU (30.5%)

PHY-1001 : Build lut bridge;  0.040488s wall, 0.031250s user + 0.000000s system = 0.031250s CPU (77.2%)

PHY-1001 : Generate nets ...
PHY-1001 : net i_clk_dup_1 will be routed on clock mesh
PHY-1001 : clock net o_fdma_clk_dup_1 will be merged with clock u_clk/clk0_buf
PHY-1001 : net u2_ram/SDRAM_CLK will be routed on clock mesh
PHY-1001 : eco open net = 0
PHY-1001 : 2 feed throughs used by 2 nets
RUN-1001 : Import phy database
RUN-1001 : Import timing constraints
RUN-1001 : Import IO constraints
RUN-1001 : Import Inst constraints
RUN-1001 : Import ChipWatcher
RUN-1001 : Import design success TD_VERSION=6.2.168116 , DB_VERSION=46207
RUN-1003 : finish command "import_db D:/University/AL_Proj/UDP_EG4_6.2/prj/UDP_EXAMPLE/UDP_EXAMPLE_Runs/phy_1/UDP_EXAMPLE_pr.db" in  2.497896s wall, 0.750000s user + 0.015625s system = 0.765625s CPU (30.7%)

RUN-1004 : used memory is 519 MB, reserved memory is 492 MB, peak memory is 552 MB
